============================= test session starts ==============================
platform darwin -- Python 3.12.12, pytest-9.0.2, pluggy-1.6.0 -- /Users/sbu/.pyenv/versions/3.12.12/bin/python
cachedir: .pytest_cache
rootdir: /Users/sbu/Desktop/side project/合約交易
plugins: anyio-4.12.1, mock-3.15.1, asyncio-1.3.0, cov-7.0.0
asyncio: mode=Mode.STRICT, debug=False, asyncio_default_fixture_loop_scope=None, asyncio_default_test_loop_scope=function
collecting ... collected 20 items

tests/test_recorder_duckdb.py::test_recorder_init PASSED                 [  5%]
tests/test_recorder_duckdb.py::test_log_experiment_basic PASSED          [ 10%]
tests/test_recorder_duckdb.py::test_log_experiment_with_validation PASSED [ 15%]
tests/test_recorder_duckdb.py::test_get_experiment_nonexistent PASSED    [ 20%]
tests/test_recorder_duckdb.py::test_query_experiments_empty PASSED       [ 25%]
tests/test_recorder_duckdb.py::test_query_experiments_with_filters PASSED [ 30%]
tests/test_recorder_duckdb.py::test_get_best_experiments PASSED          [ 35%]
tests/test_recorder_duckdb.py::test_context_manager_normal_exit PASSED   [ 40%]
tests/test_recorder_duckdb.py::test_context_manager_exception_exit PASSED [ 45%]
tests/test_recorder_duckdb.py::test_manual_close PASSED                  [ 50%]
tests/test_recorder_duckdb.py::test_save_and_load_equity_curve PASSED    [ 55%]
tests/test_recorder_duckdb.py::test_save_and_load_daily_returns PASSED   [ 60%]
tests/test_recorder_duckdb.py::test_save_and_load_trades PASSED          [ 65%]
tests/test_recorder_duckdb.py::test_load_nonexistent_timeseries PASSED   [ 70%]
tests/test_recorder_duckdb.py::test_migrate_from_json PASSED             [ 75%]
tests/test_recorder_duckdb.py::test_auto_migrate_on_init PASSED          [ 80%]
tests/test_recorder_duckdb.py::test_get_strategy_evolution PASSED        [ 85%]
tests/test_recorder_duckdb.py::test_get_strategy_stats PASSED            [ 90%]
tests/test_recorder_duckdb.py::test_generate_tags PASSED                 [ 95%]
tests/test_recorder_duckdb.py::test_export_to_json PASSED                [100%]

============================= slowest 5 durations ==============================
0.02s call     tests/test_recorder_duckdb.py::test_get_best_experiments
0.02s call     tests/test_recorder_duckdb.py::test_context_manager_normal_exit
0.01s call     tests/test_recorder_duckdb.py::test_context_manager_exception_exit
0.01s call     tests/test_recorder_duckdb.py::test_manual_close
0.01s call     tests/test_recorder_duckdb.py::test_query_experiments_with_filters
============================== 20 passed in 1.63s ==============================
